<?xml version="1.0" encoding="UTF-8"?>
<!-- Generated by org.testng.reporters.JUnitReportReporter -->
<testsuite hostname="DESKTOP-C9KS7J1" failures="0" tests="1" name="rahulpractice.tests.SubmitUserTest" time="8.793" errors="0" timestamp="2023-04-28T15:33:45 EDT" skipped="0">
  <testcase classname="rahulpractice.tests.SubmitUserTest" name="submitOrder" time="8.793"/>
  <system-out/>
</testsuite> <!-- rahulpractice.tests.SubmitUserTest -->
