<?xml version="1.0" encoding="UTF-8"?>
<!-- Generated by org.testng.reporters.JUnitReportReporter -->
<testsuite hostname="DESKTOP-C9KS7J1" failures="0" tests="2" name="rahulpractice.tests.ErrorValidationTest" time="16.850" errors="0" timestamp="2024-04-11T16:43:16 EDT" skipped="0">
  <testcase classname="rahulpractice.tests.ErrorValidationTest" name="loginErrorValidation" time="9.970"/>
  <system-out/>
  <testcase classname="rahulpractice.tests.ErrorValidationTest" name="productErrorValidation" time="6.880"/>
  <system-out/>
</testsuite> <!-- rahulpractice.tests.ErrorValidationTest -->
